d:\work\testproject\adsb_linker\adsb_linker\x64\release\adsb_linker.pch
d:\work\testproject\adsb_linker\adsb_linker\x64\release\vc141.pdb
d:\work\testproject\adsb_linker\adsb_linker\x64\release\stdafx.obj
d:\work\testproject\adsb_linker\adsb_linker\x64\release\listnerjsonpingstation.obj
d:\work\testproject\adsb_linker\adsb_linker\x64\release\listnerastrerix.obj
d:\work\testproject\adsb_linker\adsb_linker\x64\release\readwriteini.obj
d:\work\testproject\adsb_linker\adsb_linker\x64\release\jsonparserpingstation.obj
d:\work\testproject\adsb_linker\adsb_linker\x64\release\udpsocket.obj
d:\work\testproject\adsb_linker\adsb_linker\x64\release\tcpsocket.obj
d:\work\testproject\adsb_linker\adsb_linker\x64\release\endiancontrol.obj
d:\work\testproject\adsb_linker\adsb_linker\x64\release\crc16.obj
d:\work\testproject\adsb_linker\adsb_linker\x64\release\asterixutility.obj
d:\work\testproject\adsb_linker\adsb_linker\x64\release\asterixlogmanager.obj
d:\work\testproject\adsb_linker\adsb_linker\x64\release\asterixdecode021.obj
d:\work\testproject\adsb_linker\adsb_linker\x64\release\asterixdecode.obj
d:\work\testproject\adsb_linker\adsb_linker\x64\release\asterixbuffer.obj
d:\work\testproject\adsb_linker\adsb_linker\x64\release\decoderadsb.obj
d:\work\testproject\adsb_linker\adsb_linker\x64\release\businessmanager.obj
d:\work\testproject\adsb_linker\adsb_linker\x64\release\adsb_linkerdlg.obj
d:\work\testproject\adsb_linker\adsb_linker\x64\release\adsb_linker.obj
d:\work\testproject\adsb_linker\adsb_linker\x64\release\adsblinker.res
d:\work\testproject\adsb_linker\bin_release\adsb_linker.exe
d:\work\testproject\adsb_linker\bin_release\adsb_linker.pdb
d:\work\testproject\adsb_linker\bin_release\adsb_linker.ipdb
d:\work\testproject\adsb_linker\bin_release\adsb_linker.iobj
d:\work\testproject\adsb_linker\adsb_linker\x64\release\adsb_linker.tlog\cl.read.1.tlog
d:\work\testproject\adsb_linker\adsb_linker\x64\release\adsb_linker.tlog\cl.write.1.tlog
d:\work\testproject\adsb_linker\adsb_linker\x64\release\adsb_linker.tlog\cl.command.1.tlog
d:\work\testproject\adsb_linker\adsb_linker\x64\release\adsb_linker.tlog\rc.read.1.tlog
d:\work\testproject\adsb_linker\adsb_linker\x64\release\adsb_linker.tlog\rc.write.1.tlog
d:\work\testproject\adsb_linker\adsb_linker\x64\release\adsb_linker.tlog\rc.command.1.tlog
d:\work\testproject\adsb_linker\adsb_linker\x64\release\adsb_linker.tlog\link.read.1.tlog
d:\work\testproject\adsb_linker\adsb_linker\x64\release\adsb_linker.tlog\link.write.1.tlog
d:\work\testproject\adsb_linker\adsb_linker\x64\release\adsb_linker.tlog\link.command.1.tlog
d:\work\testproject\adsb_linker\adsb_linker\x64\release\adsb_linker.tlog\adsb_linker.write.1u.tlog
