d:\project\ads-b\00.implements\adsb_linker\adsb_linker\x64\debug\adsb_linker.pch
d:\project\ads-b\00.implements\adsb_linker\adsb_linker\x64\debug\vc141.pdb
d:\project\ads-b\00.implements\adsb_linker\adsb_linker\x64\debug\vc141.idb
d:\project\ads-b\00.implements\adsb_linker\adsb_linker\x64\debug\stdafx.obj
d:\project\ads-b\00.implements\adsb_linker\adsb_linker\x64\debug\listnerjsonpingstation.obj
d:\project\ads-b\00.implements\adsb_linker\adsb_linker\x64\debug\listnerastrerix.obj
d:\project\ads-b\00.implements\adsb_linker\adsb_linker\x64\debug\readwriteini.obj
d:\project\ads-b\00.implements\adsb_linker\adsb_linker\x64\debug\jsonparserpingstation.obj
d:\project\ads-b\00.implements\adsb_linker\adsb_linker\x64\debug\udpsocket.obj
d:\project\ads-b\00.implements\adsb_linker\adsb_linker\x64\debug\tcpsocket.obj
d:\project\ads-b\00.implements\adsb_linker\adsb_linker\x64\debug\endiancontrol.obj
d:\project\ads-b\00.implements\adsb_linker\adsb_linker\x64\debug\crc16.obj
d:\project\ads-b\00.implements\adsb_linker\adsb_linker\x64\debug\asterixutility.obj
d:\project\ads-b\00.implements\adsb_linker\adsb_linker\x64\debug\asterixlogmanager.obj
d:\project\ads-b\00.implements\adsb_linker\adsb_linker\x64\debug\asterixdecode021.obj
d:\project\ads-b\00.implements\adsb_linker\adsb_linker\x64\debug\asterixdecode.obj
d:\project\ads-b\00.implements\adsb_linker\adsb_linker\x64\debug\asterixbuffer.obj
d:\project\ads-b\00.implements\adsb_linker\adsb_linker\x64\debug\decoderadsb.obj
d:\project\ads-b\00.implements\adsb_linker\adsb_linker\x64\debug\businessmanager.obj
d:\project\ads-b\00.implements\adsb_linker\adsb_linker\x64\debug\adsb_linkerdlg.obj
d:\project\ads-b\00.implements\adsb_linker\adsb_linker\x64\debug\adsb_linker.obj
d:\project\ads-b\00.implements\adsb_linker\bin_dbg\adsb_linker.exe
d:\project\ads-b\00.implements\adsb_linker\bin_dbg\adsb_linker.ilk
d:\project\ads-b\00.implements\adsb_linker\bin_dbg\adsb_linker.pdb
d:\project\ads-b\00.implements\adsb_linker\adsb_linker\x64\debug\adsblinker.res
d:\work\testproject\adsb_linker\adsb_linker\x64\debug\adsb_linker.tlog\cl.command.1.tlog
d:\work\testproject\adsb_linker\adsb_linker\x64\debug\adsb_linker.tlog\cl.read.1.tlog
d:\work\testproject\adsb_linker\adsb_linker\x64\debug\adsb_linker.tlog\cl.write.1.tlog
d:\work\testproject\adsb_linker\adsb_linker\x64\debug\adsb_linker.tlog\link.command.1.tlog
d:\work\testproject\adsb_linker\adsb_linker\x64\debug\adsb_linker.tlog\link.read.1.tlog
d:\work\testproject\adsb_linker\adsb_linker\x64\debug\adsb_linker.tlog\link.write.1.tlog
d:\work\testproject\adsb_linker\adsb_linker\x64\debug\adsb_linker.tlog\rc.command.1.tlog
d:\work\testproject\adsb_linker\adsb_linker\x64\debug\adsb_linker.tlog\rc.read.1.tlog
d:\work\testproject\adsb_linker\adsb_linker\x64\debug\adsb_linker.tlog\rc.write.1.tlog
